<?xml version="1.0" encoding="UTF-8"?>
<testng-results ignored="0" total="1" passed="1" failed="0" skipped="0">
  <reporter-output>
  </reporter-output>
  <suite started-at="2021-03-19T12:55:18Z" name="eBankingv2" finished-at="2021-03-19T12:55:39Z" duration-ms="21266">
    <groups>
    </groups>
    <test started-at="2021-03-19T12:55:18Z" name="BankingApp Test" finished-at="2021-03-19T12:55:39Z" duration-ms="21266">
      <class name="com.eBankingv2.testCases.TC_001_LoginTest_Test">
        <test-method is-config="true" signature="setup(java.lang.String)[pri:0, instance:com.eBankingv2.testCases.TC_001_LoginTest_Test@482bce4f]" started-at="2021-03-19T12:55:18Z" name="setup" finished-at="2021-03-19T12:55:36Z" duration-ms="17357" status="PASS">
          <params>
            <param index="0">
              <value>
                <![CDATA[chrome]]>
              </value>
            </param>
          </params>
          <reporter-output>
          </reporter-output>
        </test-method> <!-- setup -->
        <test-method signature="LoginTest()[pri:0, instance:com.eBankingv2.testCases.TC_001_LoginTest_Test@482bce4f]" started-at="2021-03-19T12:55:36Z" name="LoginTest" finished-at="2021-03-19T12:55:38Z" duration-ms="2411" status="PASS">
          <reporter-output>
          </reporter-output>
        </test-method> <!-- LoginTest -->
        <test-method is-config="true" signature="tearDown()[pri:0, instance:com.eBankingv2.testCases.TC_001_LoginTest_Test@482bce4f]" started-at="2021-03-19T12:55:38Z" name="tearDown" finished-at="2021-03-19T12:55:39Z" duration-ms="1033" status="PASS">
          <reporter-output>
          </reporter-output>
        </test-method> <!-- tearDown -->
      </class> <!-- com.eBankingv2.testCases.TC_001_LoginTest_Test -->
    </test> <!-- BankingApp Test -->
  </suite> <!-- eBankingv2 -->
</testng-results>
