<?xml version="1.0" encoding="UTF-8"?>
<!-- Generated by org.testng.reporters.JUnitXMLReporter -->
<testsuite hostname="DESKTOP-1U0CSC6" ignored="0" name="BankingApp Test" tests="5" failures="0" timestamp="24 Mar 2021 02:10:23 GMT" time="107.812" errors="0">
  <testcase name="LoginTest" time="2.099" classname="com.eBankingv2.testCases.TC_001_LoginTest_Test"/>
  <testcase name="LoginDDT" time="13.111" classname="com.eBankingv2.testCases.TC_002_LoginDDT_Test"/>
  <testcase name="LoginDDT" time="12.074" classname="com.eBankingv2.testCases.TC_002_LoginDDT_Test"/>
  <testcase name="LoginDDT" time="12.665" classname="com.eBankingv2.testCases.TC_002_LoginDDT_Test"/>
  <testcase name="addNewCust" time="13.252" classname="com.eBankingv2.testCases.TC_003_AddNewCust_Test"/>
</testsuite> <!-- BankingApp Test -->
